<?xml version="1.0" encoding="UTF-8"?>
<testng-results skipped="0" failed="0" total="1" passed="1">
  <reporter-output>
  </reporter-output>
  <suite name="Default suite" duration-ms="90258" started-at="2018-07-29T04:02:17Z" finished-at="2018-07-29T04:03:48Z">
    <groups>
    </groups>
    <test name="Default test" duration-ms="90258" started-at="2018-07-29T04:02:17Z" finished-at="2018-07-29T04:03:48Z">
      <class name="Handle_Multiple_Browsers_Window.MultipleBrowserTest">
        <test-method status="PASS" signature="test()[pri:0, instance:Handle_Multiple_Browsers_Window.MultipleBrowserTest@1c7cbad]" name="test" duration-ms="90233" started-at="2018-07-28T21:02:17Z" finished-at="2018-07-28T21:03:48Z">
          <reporter-output>
          </reporter-output>
        </test-method> <!-- test -->
      </class> <!-- Handle_Multiple_Browsers_Window.MultipleBrowserTest -->
    </test> <!-- Default test -->
  </suite> <!-- Default suite -->
</testng-results>
